2024-06-22 21:53:18 - Starting PruebaRestApplication using Java 17.0.9 with PID 18040 (C:\Users\cesar\Desktop\REST-SPRING\prueba-rest\target\classes started by cesar in C:\Users\cesar\Desktop\REST-SPRING\prueba-rest)
2024-06-22 21:53:18 - No active profile set, falling back to 1 default profile: "default"
2024-06-22 21:53:26 - Tomcat initialized with port 8090 (http)
2024-06-22 21:53:26 - Initializing ProtocolHandler ["http-nio-8090"]
2024-06-22 21:53:26 - Starting service [Tomcat]
2024-06-22 21:53:26 - Starting Servlet engine: [Apache Tomcat/10.1.25]
2024-06-22 21:53:27 - Initializing Spring embedded WebApplicationContext
2024-06-22 21:53:27 - Root WebApplicationContext: initialization completed in 7678 ms
2024-06-22 21:53:29 - Starting ProtocolHandler ["http-nio-8090"]
2024-06-22 21:53:29 - Tomcat started on port 8090 (http) with context path '/'
2024-06-22 21:53:29 - Started PruebaRestApplication in 13.506 seconds (process running for 15.816)
2024-06-22 21:53:45 - Initializing Spring DispatcherServlet 'dispatcherServlet'
2024-06-22 21:53:45 - Initializing Servlet 'dispatcherServlet'
2024-06-22 21:53:45 - Completed initialization in 2 ms
2024-06-22 21:53:45 - Solicitud recibida para tipoDocumento: C y numeroDocumento: 23445322
2024-06-22 21:54:20 - Solicitud recibida para tipoDocumento: C y numeroDocumento: 2344532
2024-06-22 21:54:20 - Cliente no encontrado para numeroDocumento: 2344532
2024-06-22 22:49:06 - Starting PruebaRestApplication using Java 17.0.9 with PID 23416 (C:\Users\cesar\Desktop\REST-SPRING\prueba-rest\target\classes started by cesar in C:\Users\cesar\Desktop\REST-SPRING\prueba-rest)
2024-06-22 22:49:06 - No active profile set, falling back to 1 default profile: "default"
2024-06-22 22:49:14 - Tomcat initialized with port 8090 (http)
2024-06-22 22:49:14 - Initializing ProtocolHandler ["http-nio-8090"]
2024-06-22 22:49:14 - Starting service [Tomcat]
2024-06-22 22:49:14 - Starting Servlet engine: [Apache Tomcat/10.1.25]
2024-06-22 22:49:15 - Initializing Spring embedded WebApplicationContext
2024-06-22 22:49:15 - Root WebApplicationContext: initialization completed in 8067 ms
2024-06-22 22:49:17 - Starting ProtocolHandler ["http-nio-8090"]
2024-06-22 22:49:17 - Tomcat started on port 8090 (http) with context path '/'
2024-06-22 22:49:17 - Started PruebaRestApplication in 13.006 seconds (process running for 14.478)
